Symlinking /home/will/work/robot_server_side/devel/lib/pkgconfig/mir_actions.pc
Symlinking /home/will/work/robot_server_side/devel/lib/python3/dist-packages/mir_actions/__init__.py
Symlinking /home/will/work/robot_server_side/devel/lib/python3/dist-packages/mir_actions/msg/__init__.py
Symlinking /home/will/work/robot_server_side/devel/lib/python3/dist-packages/mir_actions/msg/_RelativeMoveActionFeedback.py
Symlinking /home/will/work/robot_server_side/devel/lib/python3/dist-packages/mir_actions/msg/_MirMoveBaseActionGoal.py
Symlinking /home/will/work/robot_server_side/devel/lib/python3/dist-packages/mir_actions/msg/_MirMoveBaseGoal.py
Symlinking /home/will/work/robot_server_side/devel/lib/python3/dist-packages/mir_actions/msg/_MirMoveBaseFeedback.py
Symlinking /home/will/work/robot_server_side/devel/lib/python3/dist-packages/mir_actions/msg/_RelativeMoveGoal.py
Symlinking /home/will/work/robot_server_side/devel/lib/python3/dist-packages/mir_actions/msg/_RelativeMoveResult.py
Symlinking /home/will/work/robot_server_side/devel/lib/python3/dist-packages/mir_actions/msg/_RelativeMoveFeedback.py
Symlinking /home/will/work/robot_server_side/devel/lib/python3/dist-packages/mir_actions/msg/_MirMoveBaseActionFeedback.py
Symlinking /home/will/work/robot_server_side/devel/lib/python3/dist-packages/mir_actions/msg/_RelativeMoveAction.py
Symlinking /home/will/work/robot_server_side/devel/lib/python3/dist-packages/mir_actions/msg/_MirMoveBaseAction.py
Symlinking /home/will/work/robot_server_side/devel/lib/python3/dist-packages/mir_actions/msg/_RelativeMoveActionResult.py
Symlinking /home/will/work/robot_server_side/devel/lib/python3/dist-packages/mir_actions/msg/_MirMoveBaseResult.py
Symlinking /home/will/work/robot_server_side/devel/lib/python3/dist-packages/mir_actions/msg/_MirMoveBaseActionResult.py
Symlinking /home/will/work/robot_server_side/devel/lib/python3/dist-packages/mir_actions/msg/_RelativeMoveActionGoal.py
Symlinking /home/will/work/robot_server_side/devel/include/mir_actions/MirMoveBaseActionResult.h
Symlinking /home/will/work/robot_server_side/devel/include/mir_actions/MirMoveBaseGoal.h
Symlinking /home/will/work/robot_server_side/devel/include/mir_actions/MirMoveBaseFeedback.h
Symlinking /home/will/work/robot_server_side/devel/include/mir_actions/MirMoveBaseActionFeedback.h
Symlinking /home/will/work/robot_server_side/devel/include/mir_actions/RelativeMoveActionGoal.h
Symlinking /home/will/work/robot_server_side/devel/include/mir_actions/MirMoveBaseAction.h
Symlinking /home/will/work/robot_server_side/devel/include/mir_actions/RelativeMoveActionResult.h
Symlinking /home/will/work/robot_server_side/devel/include/mir_actions/MirMoveBaseActionGoal.h
Symlinking /home/will/work/robot_server_side/devel/include/mir_actions/RelativeMoveActionFeedback.h
Symlinking /home/will/work/robot_server_side/devel/include/mir_actions/RelativeMoveGoal.h
Symlinking /home/will/work/robot_server_side/devel/include/mir_actions/RelativeMoveFeedback.h
Symlinking /home/will/work/robot_server_side/devel/include/mir_actions/RelativeMoveResult.h
Symlinking /home/will/work/robot_server_side/devel/include/mir_actions/RelativeMoveAction.h
Symlinking /home/will/work/robot_server_side/devel/include/mir_actions/MirMoveBaseResult.h
Symlinking /home/will/work/robot_server_side/devel/share/gennodejs/ros/mir_actions/_index.js
Symlinking /home/will/work/robot_server_side/devel/share/gennodejs/ros/mir_actions/msg/MirMoveBaseFeedback.js
Symlinking /home/will/work/robot_server_side/devel/share/gennodejs/ros/mir_actions/msg/_index.js
Symlinking /home/will/work/robot_server_side/devel/share/gennodejs/ros/mir_actions/msg/MirMoveBaseGoal.js
Symlinking /home/will/work/robot_server_side/devel/share/gennodejs/ros/mir_actions/msg/RelativeMoveActionFeedback.js
Symlinking /home/will/work/robot_server_side/devel/share/gennodejs/ros/mir_actions/msg/MirMoveBaseActionResult.js
Symlinking /home/will/work/robot_server_side/devel/share/gennodejs/ros/mir_actions/msg/RelativeMoveFeedback.js
Symlinking /home/will/work/robot_server_side/devel/share/gennodejs/ros/mir_actions/msg/MirMoveBaseResult.js
Symlinking /home/will/work/robot_server_side/devel/share/gennodejs/ros/mir_actions/msg/MirMoveBaseAction.js
Symlinking /home/will/work/robot_server_side/devel/share/gennodejs/ros/mir_actions/msg/MirMoveBaseActionFeedback.js
Symlinking /home/will/work/robot_server_side/devel/share/gennodejs/ros/mir_actions/msg/RelativeMoveActionGoal.js
Symlinking /home/will/work/robot_server_side/devel/share/gennodejs/ros/mir_actions/msg/RelativeMoveActionResult.js
Symlinking /home/will/work/robot_server_side/devel/share/gennodejs/ros/mir_actions/msg/RelativeMoveAction.js
Symlinking /home/will/work/robot_server_side/devel/share/gennodejs/ros/mir_actions/msg/RelativeMoveGoal.js
Symlinking /home/will/work/robot_server_side/devel/share/gennodejs/ros/mir_actions/msg/MirMoveBaseActionGoal.js
Symlinking /home/will/work/robot_server_side/devel/share/gennodejs/ros/mir_actions/msg/RelativeMoveResult.js
Symlinking /home/will/work/robot_server_side/devel/share/common-lisp/ros/mir_actions/msg/mir_actions-msg.asd
Symlinking /home/will/work/robot_server_side/devel/share/common-lisp/ros/mir_actions/msg/RelativeMoveActionGoal.lisp
Symlinking /home/will/work/robot_server_side/devel/share/common-lisp/ros/mir_actions/msg/_package_MirMoveBaseAction.lisp
Symlinking /home/will/work/robot_server_side/devel/share/common-lisp/ros/mir_actions/msg/_package_MirMoveBaseActionGoal.lisp
Symlinking /home/will/work/robot_server_side/devel/share/common-lisp/ros/mir_actions/msg/MirMoveBaseFeedback.lisp
Symlinking /home/will/work/robot_server_side/devel/share/common-lisp/ros/mir_actions/msg/RelativeMoveActionFeedback.lisp
Symlinking /home/will/work/robot_server_side/devel/share/common-lisp/ros/mir_actions/msg/_package.lisp
Symlinking /home/will/work/robot_server_side/devel/share/common-lisp/ros/mir_actions/msg/_package_MirMoveBaseResult.lisp
Symlinking /home/will/work/robot_server_side/devel/share/common-lisp/ros/mir_actions/msg/_package_RelativeMoveResult.lisp
Symlinking /home/will/work/robot_server_side/devel/share/common-lisp/ros/mir_actions/msg/_package_MirMoveBaseActionResult.lisp
Symlinking /home/will/work/robot_server_side/devel/share/common-lisp/ros/mir_actions/msg/RelativeMoveResult.lisp
Symlinking /home/will/work/robot_server_side/devel/share/common-lisp/ros/mir_actions/msg/MirMoveBaseActionFeedback.lisp
Symlinking /home/will/work/robot_server_side/devel/share/common-lisp/ros/mir_actions/msg/_package_RelativeMoveAction.lisp
Symlinking /home/will/work/robot_server_side/devel/share/common-lisp/ros/mir_actions/msg/RelativeMoveAction.lisp
Symlinking /home/will/work/robot_server_side/devel/share/common-lisp/ros/mir_actions/msg/RelativeMoveFeedback.lisp
Symlinking /home/will/work/robot_server_side/devel/share/common-lisp/ros/mir_actions/msg/_package_MirMoveBaseActionFeedback.lisp
Symlinking /home/will/work/robot_server_side/devel/share/common-lisp/ros/mir_actions/msg/_package_RelativeMoveActionResult.lisp
Symlinking /home/will/work/robot_server_side/devel/share/common-lisp/ros/mir_actions/msg/_package_RelativeMoveActionGoal.lisp
Symlinking /home/will/work/robot_server_side/devel/share/common-lisp/ros/mir_actions/msg/_package_RelativeMoveFeedback.lisp
Symlinking /home/will/work/robot_server_side/devel/share/common-lisp/ros/mir_actions/msg/MirMoveBaseGoal.lisp
Symlinking /home/will/work/robot_server_side/devel/share/common-lisp/ros/mir_actions/msg/MirMoveBaseResult.lisp
Symlinking /home/will/work/robot_server_side/devel/share/common-lisp/ros/mir_actions/msg/_package_MirMoveBaseGoal.lisp
Symlinking /home/will/work/robot_server_side/devel/share/common-lisp/ros/mir_actions/msg/RelativeMoveGoal.lisp
Symlinking /home/will/work/robot_server_side/devel/share/common-lisp/ros/mir_actions/msg/_package_RelativeMoveActionFeedback.lisp
Symlinking /home/will/work/robot_server_side/devel/share/common-lisp/ros/mir_actions/msg/_package_RelativeMoveGoal.lisp
Symlinking /home/will/work/robot_server_side/devel/share/common-lisp/ros/mir_actions/msg/MirMoveBaseActionGoal.lisp
Symlinking /home/will/work/robot_server_side/devel/share/common-lisp/ros/mir_actions/msg/MirMoveBaseActionResult.lisp
Symlinking /home/will/work/robot_server_side/devel/share/common-lisp/ros/mir_actions/msg/MirMoveBaseAction.lisp
Symlinking /home/will/work/robot_server_side/devel/share/common-lisp/ros/mir_actions/msg/RelativeMoveActionResult.lisp
Symlinking /home/will/work/robot_server_side/devel/share/common-lisp/ros/mir_actions/msg/_package_MirMoveBaseFeedback.lisp
Symlinking /home/will/work/robot_server_side/devel/share/mir_actions/msg/RelativeMoveActionGoal.msg
Symlinking /home/will/work/robot_server_side/devel/share/mir_actions/msg/MirMoveBaseResult.msg
Symlinking /home/will/work/robot_server_side/devel/share/mir_actions/msg/RelativeMoveResult.msg
Symlinking /home/will/work/robot_server_side/devel/share/mir_actions/msg/MirMoveBaseAction.msg
Symlinking /home/will/work/robot_server_side/devel/share/mir_actions/msg/MirMoveBaseActionResult.msg
Symlinking /home/will/work/robot_server_side/devel/share/mir_actions/msg/RelativeMoveActionFeedback.msg
Symlinking /home/will/work/robot_server_side/devel/share/mir_actions/msg/RelativeMoveFeedback.msg
Symlinking /home/will/work/robot_server_side/devel/share/mir_actions/msg/RelativeMoveActionResult.msg
Symlinking /home/will/work/robot_server_side/devel/share/mir_actions/msg/RelativeMoveGoal.msg
Symlinking /home/will/work/robot_server_side/devel/share/mir_actions/msg/MirMoveBaseActionFeedback.msg
Symlinking /home/will/work/robot_server_side/devel/share/mir_actions/msg/MirMoveBaseGoal.msg
Symlinking /home/will/work/robot_server_side/devel/share/mir_actions/msg/MirMoveBaseActionGoal.msg
Symlinking /home/will/work/robot_server_side/devel/share/mir_actions/msg/RelativeMoveAction.msg
Symlinking /home/will/work/robot_server_side/devel/share/mir_actions/msg/MirMoveBaseFeedback.msg
Symlinking /home/will/work/robot_server_side/devel/share/mir_actions/cmake/mir_actions-msg-extras.cmake
Symlinking /home/will/work/robot_server_side/devel/share/mir_actions/cmake/mir_actions-msg-paths.cmake
Symlinking /home/will/work/robot_server_side/devel/share/mir_actions/cmake/mir_actionsConfig-version.cmake
Symlinking /home/will/work/robot_server_side/devel/share/mir_actions/cmake/mir_actionsConfig.cmake
Symlinking /home/will/work/robot_server_side/devel/share/roseus/ros/mir_actions/manifest.l
Symlinking /home/will/work/robot_server_side/devel/share/roseus/ros/mir_actions/msg/MirMoveBaseGoal.l
Symlinking /home/will/work/robot_server_side/devel/share/roseus/ros/mir_actions/msg/MirMoveBaseAction.l
Symlinking /home/will/work/robot_server_side/devel/share/roseus/ros/mir_actions/msg/MirMoveBaseResult.l
Symlinking /home/will/work/robot_server_side/devel/share/roseus/ros/mir_actions/msg/MirMoveBaseActionResult.l
Symlinking /home/will/work/robot_server_side/devel/share/roseus/ros/mir_actions/msg/RelativeMoveFeedback.l
Symlinking /home/will/work/robot_server_side/devel/share/roseus/ros/mir_actions/msg/RelativeMoveResult.l
Symlinking /home/will/work/robot_server_side/devel/share/roseus/ros/mir_actions/msg/RelativeMoveActionResult.l
Symlinking /home/will/work/robot_server_side/devel/share/roseus/ros/mir_actions/msg/RelativeMoveActionFeedback.l
Symlinking /home/will/work/robot_server_side/devel/share/roseus/ros/mir_actions/msg/MirMoveBaseActionFeedback.l
Symlinking /home/will/work/robot_server_side/devel/share/roseus/ros/mir_actions/msg/MirMoveBaseFeedback.l
Symlinking /home/will/work/robot_server_side/devel/share/roseus/ros/mir_actions/msg/MirMoveBaseActionGoal.l
Symlinking /home/will/work/robot_server_side/devel/share/roseus/ros/mir_actions/msg/RelativeMoveGoal.l
Symlinking /home/will/work/robot_server_side/devel/share/roseus/ros/mir_actions/msg/RelativeMoveActionGoal.l
Symlinking /home/will/work/robot_server_side/devel/share/roseus/ros/mir_actions/msg/RelativeMoveAction.l
