Symlinking /home/will/work/robot_server_side/devel/lib/pkgconfig/mir_msgs.pc
Symlinking /home/will/work/robot_server_side/devel/lib/python3/dist-packages/mir_msgs/__init__.py
Symlinking /home/will/work/robot_server_side/devel/lib/python3/dist-packages/mir_msgs/msg/__init__.py
Symlinking /home/will/work/robot_server_side/devel/lib/python3/dist-packages/mir_msgs/msg/_Event.py
Symlinking /home/will/work/robot_server_side/devel/lib/python3/dist-packages/mir_msgs/msg/_Proximity.py
Symlinking /home/will/work/robot_server_side/devel/lib/python3/dist-packages/mir_msgs/msg/_PalletLifterStatus.py
Symlinking /home/will/work/robot_server_side/devel/lib/python3/dist-packages/mir_msgs/msg/_JoystickVel.py
Symlinking /home/will/work/robot_server_side/devel/lib/python3/dist-packages/mir_msgs/msg/_LocalMapStat.py
Symlinking /home/will/work/robot_server_side/devel/lib/python3/dist-packages/mir_msgs/msg/_ChargingState.py
Symlinking /home/will/work/robot_server_side/devel/lib/python3/dist-packages/mir_msgs/msg/_HookExtendedStatus.py
Symlinking /home/will/work/robot_server_side/devel/lib/python3/dist-packages/mir_msgs/msg/_PlanSegment.py
Symlinking /home/will/work/robot_server_side/devel/lib/python3/dist-packages/mir_msgs/msg/_HookStatus.py
Symlinking /home/will/work/robot_server_side/devel/lib/python3/dist-packages/mir_msgs/msg/_Twist2D.py
Symlinking /home/will/work/robot_server_side/devel/lib/python3/dist-packages/mir_msgs/msg/_MissionCtrlState.py
Symlinking /home/will/work/robot_server_side/devel/lib/python3/dist-packages/mir_msgs/msg/_MissionCtrlCommand.py
Symlinking /home/will/work/robot_server_side/devel/lib/python3/dist-packages/mir_msgs/msg/_RobotState.py
Symlinking /home/will/work/robot_server_side/devel/lib/python3/dist-packages/mir_msgs/msg/_ExternalRobot.py
Symlinking /home/will/work/robot_server_side/devel/lib/python3/dist-packages/mir_msgs/msg/_StampedEncoders.py
Symlinking /home/will/work/robot_server_side/devel/lib/python3/dist-packages/mir_msgs/msg/_Device.py
Symlinking /home/will/work/robot_server_side/devel/lib/python3/dist-packages/mir_msgs/msg/_Trolley.py
Symlinking /home/will/work/robot_server_side/devel/lib/python3/dist-packages/mir_msgs/msg/_WorldModel.py
Symlinking /home/will/work/robot_server_side/devel/lib/python3/dist-packages/mir_msgs/msg/_Path.py
Symlinking /home/will/work/robot_server_side/devel/lib/python3/dist-packages/mir_msgs/msg/_UserPrompt.py
Symlinking /home/will/work/robot_server_side/devel/lib/python3/dist-packages/mir_msgs/msg/_MirStatus.py
Symlinking /home/will/work/robot_server_side/devel/lib/python3/dist-packages/mir_msgs/msg/_WorldMap.py
Symlinking /home/will/work/robot_server_side/devel/lib/python3/dist-packages/mir_msgs/msg/_MirExtra.py
Symlinking /home/will/work/robot_server_side/devel/lib/python3/dist-packages/mir_msgs/msg/_BrakeState.py
Symlinking /home/will/work/robot_server_side/devel/lib/python3/dist-packages/mir_msgs/msg/_RobotMode.py
Symlinking /home/will/work/robot_server_side/devel/lib/python3/dist-packages/mir_msgs/msg/_Pendant.py
Symlinking /home/will/work/robot_server_side/devel/lib/python3/dist-packages/mir_msgs/msg/_Devices.py
Symlinking /home/will/work/robot_server_side/devel/lib/python3/dist-packages/mir_msgs/msg/_Encoders.py
Symlinking /home/will/work/robot_server_side/devel/lib/python3/dist-packages/mir_msgs/msg/_Pose2D.py
Symlinking /home/will/work/robot_server_side/devel/lib/python3/dist-packages/mir_msgs/msg/_WebPath.py
Symlinking /home/will/work/robot_server_side/devel/lib/python3/dist-packages/mir_msgs/msg/_HeightState.py
Symlinking /home/will/work/robot_server_side/devel/lib/python3/dist-packages/mir_msgs/msg/_GripperState.py
Symlinking /home/will/work/robot_server_side/devel/lib/python3/dist-packages/mir_msgs/msg/_PowerBoardMotorStatus.py
Symlinking /home/will/work/robot_server_side/devel/lib/python3/dist-packages/mir_msgs/msg/_IOs.py
Symlinking /home/will/work/robot_server_side/devel/lib/python3/dist-packages/mir_msgs/msg/_Events.py
Symlinking /home/will/work/robot_server_side/devel/lib/python3/dist-packages/mir_msgs/msg/_ExternalRobots.py
Symlinking /home/will/work/robot_server_side/devel/lib/python3/dist-packages/mir_msgs/msg/_Error.py
Symlinking /home/will/work/robot_server_side/devel/lib/python3/dist-packages/mir_msgs/msg/_RobotStatus.py
Symlinking /home/will/work/robot_server_side/devel/lib/python3/dist-packages/mir_msgs/msg/_BatteryCurrents.py
Symlinking /home/will/work/robot_server_side/devel/lib/python3/dist-packages/mir_msgs/msg/_Serial.py
Symlinking /home/will/work/robot_server_side/devel/lib/python3/dist-packages/mir_msgs/msg/_SafetyStatus.py
Symlinking /home/will/work/robot_server_side/devel/lib/python3/dist-packages/mir_msgs/msg/_BMSData.py
Symlinking /home/will/work/robot_server_side/devel/lib/python3/dist-packages/mir_msgs/msg/_PlanSegments.py
Symlinking /home/will/work/robot_server_side/devel/lib/python3/dist-packages/mir_msgs/msg/_Gpio.py
Symlinking /home/will/work/robot_server_side/devel/lib/python3/dist-packages/mir_msgs/msg/_ResourcesState.py
Symlinking /home/will/work/robot_server_side/devel/lib/python3/dist-packages/mir_msgs/msg/_ResourceState.py
Symlinking /home/will/work/robot_server_side/devel/include/mir_msgs/WebPath.h
Symlinking /home/will/work/robot_server_side/devel/include/mir_msgs/Device.h
Symlinking /home/will/work/robot_server_side/devel/include/mir_msgs/MirExtra.h
Symlinking /home/will/work/robot_server_side/devel/include/mir_msgs/PlanSegments.h
Symlinking /home/will/work/robot_server_side/devel/include/mir_msgs/StampedEncoders.h
Symlinking /home/will/work/robot_server_side/devel/include/mir_msgs/MirStatus.h
Symlinking /home/will/work/robot_server_side/devel/include/mir_msgs/Trolley.h
Symlinking /home/will/work/robot_server_side/devel/include/mir_msgs/SafetyStatus.h
Symlinking /home/will/work/robot_server_side/devel/include/mir_msgs/PlanSegment.h
Symlinking /home/will/work/robot_server_side/devel/include/mir_msgs/MissionCtrlState.h
Symlinking /home/will/work/robot_server_side/devel/include/mir_msgs/BMSData.h
Symlinking /home/will/work/robot_server_side/devel/include/mir_msgs/HeightState.h
Symlinking /home/will/work/robot_server_side/devel/include/mir_msgs/ResourcesState.h
Symlinking /home/will/work/robot_server_side/devel/include/mir_msgs/Devices.h
Symlinking /home/will/work/robot_server_side/devel/include/mir_msgs/RobotStatus.h
Symlinking /home/will/work/robot_server_side/devel/include/mir_msgs/Serial.h
Symlinking /home/will/work/robot_server_side/devel/include/mir_msgs/UserPrompt.h
Symlinking /home/will/work/robot_server_side/devel/include/mir_msgs/Twist2D.h
Symlinking /home/will/work/robot_server_side/devel/include/mir_msgs/JoystickVel.h
Symlinking /home/will/work/robot_server_side/devel/include/mir_msgs/RobotMode.h
Symlinking /home/will/work/robot_server_side/devel/include/mir_msgs/BatteryCurrents.h
Symlinking /home/will/work/robot_server_side/devel/include/mir_msgs/WorldMap.h
Symlinking /home/will/work/robot_server_side/devel/include/mir_msgs/GripperState.h
Symlinking /home/will/work/robot_server_side/devel/include/mir_msgs/PalletLifterStatus.h
Symlinking /home/will/work/robot_server_side/devel/include/mir_msgs/ExternalRobot.h
Symlinking /home/will/work/robot_server_side/devel/include/mir_msgs/Path.h
Symlinking /home/will/work/robot_server_side/devel/include/mir_msgs/Encoders.h
Symlinking /home/will/work/robot_server_side/devel/include/mir_msgs/ChargingState.h
Symlinking /home/will/work/robot_server_side/devel/include/mir_msgs/LocalMapStat.h
Symlinking /home/will/work/robot_server_side/devel/include/mir_msgs/Pose2D.h
Symlinking /home/will/work/robot_server_side/devel/include/mir_msgs/Event.h
Symlinking /home/will/work/robot_server_side/devel/include/mir_msgs/ResourceState.h
Symlinking /home/will/work/robot_server_side/devel/include/mir_msgs/IOs.h
Symlinking /home/will/work/robot_server_side/devel/include/mir_msgs/HookExtendedStatus.h
Symlinking /home/will/work/robot_server_side/devel/include/mir_msgs/ExternalRobots.h
Symlinking /home/will/work/robot_server_side/devel/include/mir_msgs/PowerBoardMotorStatus.h
Symlinking /home/will/work/robot_server_side/devel/include/mir_msgs/BrakeState.h
Symlinking /home/will/work/robot_server_side/devel/include/mir_msgs/HookStatus.h
Symlinking /home/will/work/robot_server_side/devel/include/mir_msgs/Pendant.h
Symlinking /home/will/work/robot_server_side/devel/include/mir_msgs/Proximity.h
Symlinking /home/will/work/robot_server_side/devel/include/mir_msgs/Events.h
Symlinking /home/will/work/robot_server_side/devel/include/mir_msgs/MissionCtrlCommand.h
Symlinking /home/will/work/robot_server_side/devel/include/mir_msgs/Gpio.h
Symlinking /home/will/work/robot_server_side/devel/include/mir_msgs/RobotState.h
Symlinking /home/will/work/robot_server_side/devel/include/mir_msgs/Error.h
Symlinking /home/will/work/robot_server_side/devel/include/mir_msgs/WorldModel.h
Symlinking /home/will/work/robot_server_side/devel/share/mir_msgs/cmake/mir_msgs-msg-extras.cmake
Symlinking /home/will/work/robot_server_side/devel/share/mir_msgs/cmake/mir_msgsConfig.cmake
Symlinking /home/will/work/robot_server_side/devel/share/mir_msgs/cmake/mir_msgs-msg-paths.cmake
Symlinking /home/will/work/robot_server_side/devel/share/mir_msgs/cmake/mir_msgsConfig-version.cmake
Symlinking /home/will/work/robot_server_side/devel/share/gennodejs/ros/mir_msgs/_index.js
Symlinking /home/will/work/robot_server_side/devel/share/gennodejs/ros/mir_msgs/msg/WorldModel.js
Symlinking /home/will/work/robot_server_side/devel/share/gennodejs/ros/mir_msgs/msg/Error.js
Symlinking /home/will/work/robot_server_side/devel/share/gennodejs/ros/mir_msgs/msg/Gpio.js
Symlinking /home/will/work/robot_server_side/devel/share/gennodejs/ros/mir_msgs/msg/_index.js
Symlinking /home/will/work/robot_server_side/devel/share/gennodejs/ros/mir_msgs/msg/JoystickVel.js
Symlinking /home/will/work/robot_server_side/devel/share/gennodejs/ros/mir_msgs/msg/Devices.js
Symlinking /home/will/work/robot_server_side/devel/share/gennodejs/ros/mir_msgs/msg/ResourcesState.js
Symlinking /home/will/work/robot_server_side/devel/share/gennodejs/ros/mir_msgs/msg/PlanSegment.js
Symlinking /home/will/work/robot_server_side/devel/share/gennodejs/ros/mir_msgs/msg/Serial.js
Symlinking /home/will/work/robot_server_side/devel/share/gennodejs/ros/mir_msgs/msg/PowerBoardMotorStatus.js
Symlinking /home/will/work/robot_server_side/devel/share/gennodejs/ros/mir_msgs/msg/Trolley.js
Symlinking /home/will/work/robot_server_side/devel/share/gennodejs/ros/mir_msgs/msg/ChargingState.js
Symlinking /home/will/work/robot_server_side/devel/share/gennodejs/ros/mir_msgs/msg/PlanSegments.js
Symlinking /home/will/work/robot_server_side/devel/share/gennodejs/ros/mir_msgs/msg/MirStatus.js
Symlinking /home/will/work/robot_server_side/devel/share/gennodejs/ros/mir_msgs/msg/RobotStatus.js
Symlinking /home/will/work/robot_server_side/devel/share/gennodejs/ros/mir_msgs/msg/SafetyStatus.js
Symlinking /home/will/work/robot_server_side/devel/share/gennodejs/ros/mir_msgs/msg/HeightState.js
Symlinking /home/will/work/robot_server_side/devel/share/gennodejs/ros/mir_msgs/msg/ResourceState.js
Symlinking /home/will/work/robot_server_side/devel/share/gennodejs/ros/mir_msgs/msg/Twist2D.js
Symlinking /home/will/work/robot_server_side/devel/share/gennodejs/ros/mir_msgs/msg/MirExtra.js
Symlinking /home/will/work/robot_server_side/devel/share/gennodejs/ros/mir_msgs/msg/Encoders.js
Symlinking /home/will/work/robot_server_side/devel/share/gennodejs/ros/mir_msgs/msg/MissionCtrlState.js
Symlinking /home/will/work/robot_server_side/devel/share/gennodejs/ros/mir_msgs/msg/Event.js
Symlinking /home/will/work/robot_server_side/devel/share/gennodejs/ros/mir_msgs/msg/HookExtendedStatus.js
Symlinking /home/will/work/robot_server_side/devel/share/gennodejs/ros/mir_msgs/msg/StampedEncoders.js
Symlinking /home/will/work/robot_server_side/devel/share/gennodejs/ros/mir_msgs/msg/Events.js
Symlinking /home/will/work/robot_server_side/devel/share/gennodejs/ros/mir_msgs/msg/BatteryCurrents.js
Symlinking /home/will/work/robot_server_side/devel/share/gennodejs/ros/mir_msgs/msg/Device.js
Symlinking /home/will/work/robot_server_side/devel/share/gennodejs/ros/mir_msgs/msg/MissionCtrlCommand.js
Symlinking /home/will/work/robot_server_side/devel/share/gennodejs/ros/mir_msgs/msg/ExternalRobots.js
Symlinking /home/will/work/robot_server_side/devel/share/gennodejs/ros/mir_msgs/msg/PalletLifterStatus.js
Symlinking /home/will/work/robot_server_side/devel/share/gennodejs/ros/mir_msgs/msg/RobotState.js
Symlinking /home/will/work/robot_server_side/devel/share/gennodejs/ros/mir_msgs/msg/BrakeState.js
Symlinking /home/will/work/robot_server_side/devel/share/gennodejs/ros/mir_msgs/msg/UserPrompt.js
Symlinking /home/will/work/robot_server_side/devel/share/gennodejs/ros/mir_msgs/msg/LocalMapStat.js
Symlinking /home/will/work/robot_server_side/devel/share/gennodejs/ros/mir_msgs/msg/Pendant.js
Symlinking /home/will/work/robot_server_side/devel/share/gennodejs/ros/mir_msgs/msg/WebPath.js
Symlinking /home/will/work/robot_server_side/devel/share/gennodejs/ros/mir_msgs/msg/WorldMap.js
Symlinking /home/will/work/robot_server_side/devel/share/gennodejs/ros/mir_msgs/msg/Pose2D.js
Symlinking /home/will/work/robot_server_side/devel/share/gennodejs/ros/mir_msgs/msg/GripperState.js
Symlinking /home/will/work/robot_server_side/devel/share/gennodejs/ros/mir_msgs/msg/BMSData.js
Symlinking /home/will/work/robot_server_side/devel/share/gennodejs/ros/mir_msgs/msg/Proximity.js
Symlinking /home/will/work/robot_server_side/devel/share/gennodejs/ros/mir_msgs/msg/RobotMode.js
Symlinking /home/will/work/robot_server_side/devel/share/gennodejs/ros/mir_msgs/msg/ExternalRobot.js
Symlinking /home/will/work/robot_server_side/devel/share/gennodejs/ros/mir_msgs/msg/HookStatus.js
Symlinking /home/will/work/robot_server_side/devel/share/gennodejs/ros/mir_msgs/msg/Path.js
Symlinking /home/will/work/robot_server_side/devel/share/gennodejs/ros/mir_msgs/msg/IOs.js
Symlinking /home/will/work/robot_server_side/devel/share/common-lisp/ros/mir_msgs/msg/MirExtra.lisp
Symlinking /home/will/work/robot_server_side/devel/share/common-lisp/ros/mir_msgs/msg/Trolley.lisp
Symlinking /home/will/work/robot_server_side/devel/share/common-lisp/ros/mir_msgs/msg/mir_msgs-msg.asd
Symlinking /home/will/work/robot_server_side/devel/share/common-lisp/ros/mir_msgs/msg/Pose2D.lisp
Symlinking /home/will/work/robot_server_side/devel/share/common-lisp/ros/mir_msgs/msg/_package_JoystickVel.lisp
Symlinking /home/will/work/robot_server_side/devel/share/common-lisp/ros/mir_msgs/msg/_package_RobotMode.lisp
Symlinking /home/will/work/robot_server_side/devel/share/common-lisp/ros/mir_msgs/msg/_package_Serial.lisp
Symlinking /home/will/work/robot_server_side/devel/share/common-lisp/ros/mir_msgs/msg/_package_LocalMapStat.lisp
Symlinking /home/will/work/robot_server_side/devel/share/common-lisp/ros/mir_msgs/msg/HookExtendedStatus.lisp
Symlinking /home/will/work/robot_server_side/devel/share/common-lisp/ros/mir_msgs/msg/_package_WorldMap.lisp
Symlinking /home/will/work/robot_server_side/devel/share/common-lisp/ros/mir_msgs/msg/HookStatus.lisp
Symlinking /home/will/work/robot_server_side/devel/share/common-lisp/ros/mir_msgs/msg/Device.lisp
Symlinking /home/will/work/robot_server_side/devel/share/common-lisp/ros/mir_msgs/msg/_package_Gpio.lisp
Symlinking /home/will/work/robot_server_side/devel/share/common-lisp/ros/mir_msgs/msg/BatteryCurrents.lisp
Symlinking /home/will/work/robot_server_side/devel/share/common-lisp/ros/mir_msgs/msg/_package_ExternalRobot.lisp
Symlinking /home/will/work/robot_server_side/devel/share/common-lisp/ros/mir_msgs/msg/_package_RobotState.lisp
Symlinking /home/will/work/robot_server_side/devel/share/common-lisp/ros/mir_msgs/msg/_package_MirExtra.lisp
Symlinking /home/will/work/robot_server_side/devel/share/common-lisp/ros/mir_msgs/msg/_package_HeightState.lisp
Symlinking /home/will/work/robot_server_side/devel/share/common-lisp/ros/mir_msgs/msg/_package_WebPath.lisp
Symlinking /home/will/work/robot_server_side/devel/share/common-lisp/ros/mir_msgs/msg/MirStatus.lisp
Symlinking /home/will/work/robot_server_side/devel/share/common-lisp/ros/mir_msgs/msg/_package.lisp
Symlinking /home/will/work/robot_server_side/devel/share/common-lisp/ros/mir_msgs/msg/PalletLifterStatus.lisp
Symlinking /home/will/work/robot_server_side/devel/share/common-lisp/ros/mir_msgs/msg/_package_Events.lisp
Symlinking /home/will/work/robot_server_side/devel/share/common-lisp/ros/mir_msgs/msg/WorldModel.lisp
Symlinking /home/will/work/robot_server_side/devel/share/common-lisp/ros/mir_msgs/msg/RobotMode.lisp
Symlinking /home/will/work/robot_server_side/devel/share/common-lisp/ros/mir_msgs/msg/IOs.lisp
Symlinking /home/will/work/robot_server_side/devel/share/common-lisp/ros/mir_msgs/msg/_package_MirStatus.lisp
Symlinking /home/will/work/robot_server_side/devel/share/common-lisp/ros/mir_msgs/msg/Event.lisp
Symlinking /home/will/work/robot_server_side/devel/share/common-lisp/ros/mir_msgs/msg/RobotState.lisp
Symlinking /home/will/work/robot_server_side/devel/share/common-lisp/ros/mir_msgs/msg/_package_Trolley.lisp
Symlinking /home/will/work/robot_server_side/devel/share/common-lisp/ros/mir_msgs/msg/_package_PalletLifterStatus.lisp
Symlinking /home/will/work/robot_server_side/devel/share/common-lisp/ros/mir_msgs/msg/ExternalRobots.lisp
Symlinking /home/will/work/robot_server_side/devel/share/common-lisp/ros/mir_msgs/msg/JoystickVel.lisp
Symlinking /home/will/work/robot_server_side/devel/share/common-lisp/ros/mir_msgs/msg/_package_RobotStatus.lisp
Symlinking /home/will/work/robot_server_side/devel/share/common-lisp/ros/mir_msgs/msg/MissionCtrlState.lisp
Symlinking /home/will/work/robot_server_side/devel/share/common-lisp/ros/mir_msgs/msg/_package_BatteryCurrents.lisp
Symlinking /home/will/work/robot_server_side/devel/share/common-lisp/ros/mir_msgs/msg/BMSData.lisp
Symlinking /home/will/work/robot_server_side/devel/share/common-lisp/ros/mir_msgs/msg/_package_HookExtendedStatus.lisp
Symlinking /home/will/work/robot_server_side/devel/share/common-lisp/ros/mir_msgs/msg/_package_PowerBoardMotorStatus.lisp
Symlinking /home/will/work/robot_server_side/devel/share/common-lisp/ros/mir_msgs/msg/_package_GripperState.lisp
Symlinking /home/will/work/robot_server_side/devel/share/common-lisp/ros/mir_msgs/msg/_package_UserPrompt.lisp
Symlinking /home/will/work/robot_server_side/devel/share/common-lisp/ros/mir_msgs/msg/PlanSegment.lisp
Symlinking /home/will/work/robot_server_side/devel/share/common-lisp/ros/mir_msgs/msg/_package_ChargingState.lisp
Symlinking /home/will/work/robot_server_side/devel/share/common-lisp/ros/mir_msgs/msg/_package_Twist2D.lisp
Symlinking /home/will/work/robot_server_side/devel/share/common-lisp/ros/mir_msgs/msg/UserPrompt.lisp
Symlinking /home/will/work/robot_server_side/devel/share/common-lisp/ros/mir_msgs/msg/Gpio.lisp
Symlinking /home/will/work/robot_server_side/devel/share/common-lisp/ros/mir_msgs/msg/_package_IOs.lisp
Symlinking /home/will/work/robot_server_side/devel/share/common-lisp/ros/mir_msgs/msg/_package_WorldModel.lisp
Symlinking /home/will/work/robot_server_side/devel/share/common-lisp/ros/mir_msgs/msg/Serial.lisp
Symlinking /home/will/work/robot_server_side/devel/share/common-lisp/ros/mir_msgs/msg/Path.lisp
Symlinking /home/will/work/robot_server_side/devel/share/common-lisp/ros/mir_msgs/msg/_package_StampedEncoders.lisp
Symlinking /home/will/work/robot_server_side/devel/share/common-lisp/ros/mir_msgs/msg/_package_ExternalRobots.lisp
Symlinking /home/will/work/robot_server_side/devel/share/common-lisp/ros/mir_msgs/msg/Error.lisp
Symlinking /home/will/work/robot_server_side/devel/share/common-lisp/ros/mir_msgs/msg/_package_Path.lisp
Symlinking /home/will/work/robot_server_side/devel/share/common-lisp/ros/mir_msgs/msg/MissionCtrlCommand.lisp
Symlinking /home/will/work/robot_server_side/devel/share/common-lisp/ros/mir_msgs/msg/PlanSegments.lisp
Symlinking /home/will/work/robot_server_side/devel/share/common-lisp/ros/mir_msgs/msg/Twist2D.lisp
Symlinking /home/will/work/robot_server_side/devel/share/common-lisp/ros/mir_msgs/msg/SafetyStatus.lisp
Symlinking /home/will/work/robot_server_side/devel/share/common-lisp/ros/mir_msgs/msg/_package_MissionCtrlState.lisp
Symlinking /home/will/work/robot_server_side/devel/share/common-lisp/ros/mir_msgs/msg/WorldMap.lisp
Symlinking /home/will/work/robot_server_side/devel/share/common-lisp/ros/mir_msgs/msg/_package_Devices.lisp
Symlinking /home/will/work/robot_server_side/devel/share/common-lisp/ros/mir_msgs/msg/ResourceState.lisp
Symlinking /home/will/work/robot_server_side/devel/share/common-lisp/ros/mir_msgs/msg/_package_BMSData.lisp
Symlinking /home/will/work/robot_server_side/devel/share/common-lisp/ros/mir_msgs/msg/RobotStatus.lisp
Symlinking /home/will/work/robot_server_side/devel/share/common-lisp/ros/mir_msgs/msg/PowerBoardMotorStatus.lisp
Symlinking /home/will/work/robot_server_side/devel/share/common-lisp/ros/mir_msgs/msg/_package_MissionCtrlCommand.lisp
Symlinking /home/will/work/robot_server_side/devel/share/common-lisp/ros/mir_msgs/msg/HeightState.lisp
Symlinking /home/will/work/robot_server_side/devel/share/common-lisp/ros/mir_msgs/msg/GripperState.lisp
Symlinking /home/will/work/robot_server_side/devel/share/common-lisp/ros/mir_msgs/msg/ExternalRobot.lisp
Symlinking /home/will/work/robot_server_side/devel/share/common-lisp/ros/mir_msgs/msg/_package_Device.lisp
Symlinking /home/will/work/robot_server_side/devel/share/common-lisp/ros/mir_msgs/msg/_package_Error.lisp
Symlinking /home/will/work/robot_server_side/devel/share/common-lisp/ros/mir_msgs/msg/_package_SafetyStatus.lisp
Symlinking /home/will/work/robot_server_side/devel/share/common-lisp/ros/mir_msgs/msg/_package_ResourcesState.lisp
Symlinking /home/will/work/robot_server_side/devel/share/common-lisp/ros/mir_msgs/msg/Proximity.lisp
Symlinking /home/will/work/robot_server_side/devel/share/common-lisp/ros/mir_msgs/msg/_package_Pose2D.lisp
Symlinking /home/will/work/robot_server_side/devel/share/common-lisp/ros/mir_msgs/msg/Encoders.lisp
Symlinking /home/will/work/robot_server_side/devel/share/common-lisp/ros/mir_msgs/msg/WebPath.lisp
Symlinking /home/will/work/robot_server_side/devel/share/common-lisp/ros/mir_msgs/msg/Devices.lisp
Symlinking /home/will/work/robot_server_side/devel/share/common-lisp/ros/mir_msgs/msg/_package_ResourceState.lisp
Symlinking /home/will/work/robot_server_side/devel/share/common-lisp/ros/mir_msgs/msg/StampedEncoders.lisp
Symlinking /home/will/work/robot_server_side/devel/share/common-lisp/ros/mir_msgs/msg/_package_HookStatus.lisp
Symlinking /home/will/work/robot_server_side/devel/share/common-lisp/ros/mir_msgs/msg/_package_BrakeState.lisp
Symlinking /home/will/work/robot_server_side/devel/share/common-lisp/ros/mir_msgs/msg/_package_Encoders.lisp
Symlinking /home/will/work/robot_server_side/devel/share/common-lisp/ros/mir_msgs/msg/_package_Pendant.lisp
Symlinking /home/will/work/robot_server_side/devel/share/common-lisp/ros/mir_msgs/msg/ResourcesState.lisp
Symlinking /home/will/work/robot_server_side/devel/share/common-lisp/ros/mir_msgs/msg/_package_Proximity.lisp
Symlinking /home/will/work/robot_server_side/devel/share/common-lisp/ros/mir_msgs/msg/_package_PlanSegment.lisp
Symlinking /home/will/work/robot_server_side/devel/share/common-lisp/ros/mir_msgs/msg/Pendant.lisp
Symlinking /home/will/work/robot_server_side/devel/share/common-lisp/ros/mir_msgs/msg/LocalMapStat.lisp
Symlinking /home/will/work/robot_server_side/devel/share/common-lisp/ros/mir_msgs/msg/_package_Event.lisp
Symlinking /home/will/work/robot_server_side/devel/share/common-lisp/ros/mir_msgs/msg/Events.lisp
Symlinking /home/will/work/robot_server_side/devel/share/common-lisp/ros/mir_msgs/msg/BrakeState.lisp
Symlinking /home/will/work/robot_server_side/devel/share/common-lisp/ros/mir_msgs/msg/_package_PlanSegments.lisp
Symlinking /home/will/work/robot_server_side/devel/share/common-lisp/ros/mir_msgs/msg/ChargingState.lisp
Symlinking /home/will/work/robot_server_side/devel/share/roseus/ros/mir_msgs/manifest.l
Symlinking /home/will/work/robot_server_side/devel/share/roseus/ros/mir_msgs/msg/MirStatus.l
Symlinking /home/will/work/robot_server_side/devel/share/roseus/ros/mir_msgs/msg/ExternalRobot.l
Symlinking /home/will/work/robot_server_side/devel/share/roseus/ros/mir_msgs/msg/Trolley.l
Symlinking /home/will/work/robot_server_side/devel/share/roseus/ros/mir_msgs/msg/Error.l
Symlinking /home/will/work/robot_server_side/devel/share/roseus/ros/mir_msgs/msg/MirExtra.l
Symlinking /home/will/work/robot_server_side/devel/share/roseus/ros/mir_msgs/msg/HeightState.l
Symlinking /home/will/work/robot_server_side/devel/share/roseus/ros/mir_msgs/msg/Events.l
Symlinking /home/will/work/robot_server_side/devel/share/roseus/ros/mir_msgs/msg/SafetyStatus.l
Symlinking /home/will/work/robot_server_side/devel/share/roseus/ros/mir_msgs/msg/PlanSegments.l
Symlinking /home/will/work/robot_server_side/devel/share/roseus/ros/mir_msgs/msg/ChargingState.l
Symlinking /home/will/work/robot_server_side/devel/share/roseus/ros/mir_msgs/msg/Serial.l
Symlinking /home/will/work/robot_server_side/devel/share/roseus/ros/mir_msgs/msg/ResourcesState.l
Symlinking /home/will/work/robot_server_side/devel/share/roseus/ros/mir_msgs/msg/ExternalRobots.l
Symlinking /home/will/work/robot_server_side/devel/share/roseus/ros/mir_msgs/msg/WorldModel.l
Symlinking /home/will/work/robot_server_side/devel/share/roseus/ros/mir_msgs/msg/HookExtendedStatus.l
Symlinking /home/will/work/robot_server_side/devel/share/roseus/ros/mir_msgs/msg/Event.l
Symlinking /home/will/work/robot_server_side/devel/share/roseus/ros/mir_msgs/msg/RobotMode.l
Symlinking /home/will/work/robot_server_side/devel/share/roseus/ros/mir_msgs/msg/JoystickVel.l
Symlinking /home/will/work/robot_server_side/devel/share/roseus/ros/mir_msgs/msg/Gpio.l
Symlinking /home/will/work/robot_server_side/devel/share/roseus/ros/mir_msgs/msg/BatteryCurrents.l
Symlinking /home/will/work/robot_server_side/devel/share/roseus/ros/mir_msgs/msg/PowerBoardMotorStatus.l
Symlinking /home/will/work/robot_server_side/devel/share/roseus/ros/mir_msgs/msg/Encoders.l
Symlinking /home/will/work/robot_server_side/devel/share/roseus/ros/mir_msgs/msg/IOs.l
Symlinking /home/will/work/robot_server_side/devel/share/roseus/ros/mir_msgs/msg/PlanSegment.l
Symlinking /home/will/work/robot_server_side/devel/share/roseus/ros/mir_msgs/msg/PalletLifterStatus.l
Symlinking /home/will/work/robot_server_side/devel/share/roseus/ros/mir_msgs/msg/RobotState.l
Symlinking /home/will/work/robot_server_side/devel/share/roseus/ros/mir_msgs/msg/BMSData.l
Symlinking /home/will/work/robot_server_side/devel/share/roseus/ros/mir_msgs/msg/Pose2D.l
Symlinking /home/will/work/robot_server_side/devel/share/roseus/ros/mir_msgs/msg/Path.l
Symlinking /home/will/work/robot_server_side/devel/share/roseus/ros/mir_msgs/msg/WebPath.l
Symlinking /home/will/work/robot_server_side/devel/share/roseus/ros/mir_msgs/msg/Pendant.l
Symlinking /home/will/work/robot_server_side/devel/share/roseus/ros/mir_msgs/msg/LocalMapStat.l
Symlinking /home/will/work/robot_server_side/devel/share/roseus/ros/mir_msgs/msg/Proximity.l
Symlinking /home/will/work/robot_server_side/devel/share/roseus/ros/mir_msgs/msg/WorldMap.l
Symlinking /home/will/work/robot_server_side/devel/share/roseus/ros/mir_msgs/msg/MissionCtrlState.l
Symlinking /home/will/work/robot_server_side/devel/share/roseus/ros/mir_msgs/msg/StampedEncoders.l
Symlinking /home/will/work/robot_server_side/devel/share/roseus/ros/mir_msgs/msg/ResourceState.l
Symlinking /home/will/work/robot_server_side/devel/share/roseus/ros/mir_msgs/msg/RobotStatus.l
Symlinking /home/will/work/robot_server_side/devel/share/roseus/ros/mir_msgs/msg/MissionCtrlCommand.l
Symlinking /home/will/work/robot_server_side/devel/share/roseus/ros/mir_msgs/msg/GripperState.l
Symlinking /home/will/work/robot_server_side/devel/share/roseus/ros/mir_msgs/msg/Device.l
Symlinking /home/will/work/robot_server_side/devel/share/roseus/ros/mir_msgs/msg/Twist2D.l
Symlinking /home/will/work/robot_server_side/devel/share/roseus/ros/mir_msgs/msg/UserPrompt.l
Symlinking /home/will/work/robot_server_side/devel/share/roseus/ros/mir_msgs/msg/Devices.l
Symlinking /home/will/work/robot_server_side/devel/share/roseus/ros/mir_msgs/msg/HookStatus.l
Symlinking /home/will/work/robot_server_side/devel/share/roseus/ros/mir_msgs/msg/BrakeState.l
